TN:
SF:src\app.js
FN:22,(anonymous_0)
FN:30,(anonymous_1)
FN:40,(anonymous_2)
FN:75,(anonymous_3)
FN:84,(anonymous_4)
FNF:5
FNH:5
FNDA:1,(anonymous_0)
FNDA:12,(anonymous_1)
FNDA:1,(anonymous_2)
FNDA:2,(anonymous_3)
FNDA:1,(anonymous_4)
DA:2,2
DA:3,2
DA:4,2
DA:5,2
DA:7,2
DA:10,2
DA:11,2
DA:12,2
DA:15,2
DA:16,2
DA:19,2
DA:22,2
DA:23,1
DA:30,2
DA:31,12
DA:40,2
DA:41,1
DA:75,2
DA:76,2
DA:84,2
DA:86,1
DA:87,0
DA:90,1
DA:98,2
LF:24
LH:23
BRDA:86,0,0,0
BRDA:86,0,1,1
BRDA:90,1,0,1
BRDA:90,1,1,0
BRDA:92,2,0,0
BRDA:92,2,1,1
BRF:6
BRH:3
end_of_record
TN:
SF:src\config\env.js
FNF:0
FNH:0
DA:2,2
DA:4,2
LF:2
LH:2
BRDA:5,0,0,2
BRDA:5,0,1,2
BRDA:6,1,0,2
BRDA:6,1,1,0
BRDA:7,2,0,2
BRDA:7,2,1,0
BRF:6
BRH:4
end_of_record
TN:
SF:src\controllers\userController.js
FN:7,(anonymous_0)
FN:25,(anonymous_1)
FN:49,(anonymous_2)
FN:85,(anonymous_3)
FN:129,(anonymous_4)
FN:158,(anonymous_5)
FN:175,(anonymous_6)
FN:184,(anonymous_7)
FN:208,(anonymous_8)
FN:231,(anonymous_9)
FN:267,(anonymous_10)
FN:306,(anonymous_11)
FNF:12
FNH:8
FNDA:7,(anonymous_0)
FNDA:14,(anonymous_1)
FNDA:21,(anonymous_2)
FNDA:9,(anonymous_3)
FNDA:6,(anonymous_4)
FNDA:3,(anonymous_5)
FNDA:3,(anonymous_6)
FNDA:0,(anonymous_7)
FNDA:0,(anonymous_8)
FNDA:4,(anonymous_9)
FNDA:0,(anonymous_10)
FNDA:0,(anonymous_11)
DA:2,3
DA:3,3
DA:5,3
DA:8,7
DA:9,7
DA:10,7
DA:16,0
DA:26,14
DA:27,14
DA:28,14
DA:29,7
DA:35,7
DA:40,0
DA:50,21
DA:51,21
DA:54,21
DA:55,5
DA:61,16
DA:66,16
DA:68,16
DA:70,16
DA:76,0
DA:86,9
DA:87,9
DA:88,9
DA:91,9
DA:92,9
DA:93,2
DA:100,7
DA:101,0
DA:107,7
DA:108,7
DA:109,7
DA:110,7
DA:112,7
DA:114,7
DA:120,0
DA:130,6
DA:131,6
DA:133,6
DA:134,6
DA:135,2
DA:141,4
DA:143,4
DA:149,0
DA:159,3
DA:160,3
DA:161,3
DA:167,0
DA:176,3
DA:185,0
DA:186,0
DA:187,0
DA:188,0
DA:194,0
DA:200,0
DA:209,0
DA:210,0
DA:211,0
DA:212,0
DA:218,0
DA:223,0
DA:232,4
DA:233,4
DA:235,4
DA:236,2
DA:243,2
DA:244,0
DA:251,2
DA:252,2
DA:254,2
DA:256,2
DA:258,0
DA:268,0
DA:269,0
DA:270,0
DA:272,0
DA:273,0
DA:274,0
DA:280,0
DA:281,0
DA:288,0
DA:289,0
DA:290,0
DA:291,0
DA:293,0
DA:295,0
DA:297,0
DA:307,0
DA:308,0
DA:310,0
DA:311,0
DA:312,0
DA:318,0
DA:320,0
DA:322,0
DA:327,3
LF:97
LH:53
BRDA:28,0,0,7
BRDA:28,0,1,7
BRDA:54,1,0,5
BRDA:54,1,1,16
BRDA:66,2,0,9
BRDA:66,2,1,7
BRDA:92,3,0,2
BRDA:92,3,1,7
BRDA:100,4,0,0
BRDA:100,4,1,7
BRDA:100,5,0,7
BRDA:100,5,1,4
BRDA:100,5,2,4
BRDA:108,6,0,5
BRDA:108,6,1,2
BRDA:109,7,0,4
BRDA:109,7,1,3
BRDA:110,8,0,2
BRDA:110,8,1,5
BRDA:134,9,0,2
BRDA:134,9,1,4
BRDA:187,10,0,0
BRDA:187,10,1,0
BRDA:211,11,0,0
BRDA:211,11,1,0
BRDA:235,12,0,2
BRDA:235,12,1,2
BRDA:235,13,0,4
BRDA:235,13,1,2
BRDA:243,14,0,0
BRDA:243,14,1,2
BRDA:252,15,0,2
BRDA:252,15,1,0
BRDA:273,16,0,0
BRDA:273,16,1,0
BRDA:280,17,0,0
BRDA:280,17,1,0
BRDA:280,18,0,0
BRDA:280,18,1,0
BRDA:280,18,2,0
BRDA:289,19,0,0
BRDA:289,19,1,0
BRDA:290,20,0,0
BRDA:290,20,1,0
BRDA:291,21,0,0
BRDA:291,21,1,0
BRDA:311,22,0,0
BRDA:311,22,1,0
BRF:48
BRH:26
end_of_record
TN:
SF:src\middleware\validation.js
FN:6,(anonymous_0)
FN:29,(anonymous_1)
FN:41,(anonymous_2)
FNF:3
FNH:3
FNDA:27,(anonymous_0)
FNDA:10,(anonymous_1)
FNDA:26,(anonymous_2)
DA:2,3
DA:4,3
DA:7,27
DA:8,27
DA:10,27
DA:11,5
DA:18,22
DA:19,2
DA:25,20
DA:30,10
DA:31,1
DA:37,9
DA:42,26
DA:44,26
DA:45,2
DA:51,24
DA:55,3
LF:17
LH:17
BRDA:10,0,0,5
BRDA:10,0,1,22
BRDA:18,1,0,2
BRDA:18,1,1,20
BRDA:30,2,0,1
BRDA:30,2,1,9
BRDA:30,3,0,10
BRDA:30,3,1,5
BRDA:44,4,0,2
BRDA:44,4,1,24
BRDA:44,5,0,26
BRDA:44,5,1,24
BRF:12
BRH:12
end_of_record
TN:
SF:src\models\User.js
FN:8,(anonymous_0)
FN:13,(anonymous_1)
FN:18,(anonymous_2)
FN:19,(anonymous_3)
FN:23,(anonymous_4)
FN:35,(anonymous_5)
FN:36,(anonymous_6)
FN:48,(anonymous_7)
FN:49,(anonymous_8)
FN:57,(anonymous_9)
FN:58,(anonymous_10)
FN:62,(anonymous_11)
FN:67,(anonymous_12)
FNF:13
FNH:12
FNDA:3,(anonymous_0)
FNDA:8,(anonymous_1)
FNDA:23,(anonymous_2)
FNDA:138,(anonymous_3)
FNDA:17,(anonymous_4)
FNDA:6,(anonymous_5)
FNDA:50,(anonymous_6)
FNDA:3,(anonymous_7)
FNDA:11,(anonymous_8)
FNDA:24,(anonymous_9)
FNDA:142,(anonymous_10)
FNDA:0,(anonymous_11)
FNDA:3,(anonymous_12)
DA:4,3
DA:9,3
DA:14,8
DA:19,138
DA:24,17
DA:25,17
DA:30,17
DA:31,17
DA:36,50
DA:37,6
DA:39,6
DA:44,6
DA:49,11
DA:50,3
DA:52,3
DA:53,3
DA:58,142
DA:63,0
DA:68,3
DA:84,3
DA:88,3
LF:21
LH:20
BRDA:37,0,0,0
BRDA:37,0,1,6
BRDA:50,1,0,0
BRDA:50,1,1,3
BRF:4
BRH:2
end_of_record
TN:
SF:src\routes\userRoutes.js
FNF:0
FNH:0
DA:2,2
DA:3,2
DA:4,2
DA:5,2
DA:8,2
DA:9,2
DA:10,2
DA:11,2
DA:12,2
DA:15,2
DA:16,2
DA:17,2
DA:18,2
DA:19,2
DA:20,2
DA:21,2
DA:23,2
LF:17
LH:17
BRF:0
BRH:0
end_of_record
TN:
SF:src\utils\helpers.js
FN:4,(anonymous_0)
FN:10,(anonymous_1)
FN:13,(anonymous_2)
FN:23,(anonymous_3)
FN:31,(anonymous_4)
FN:36,(anonymous_5)
FNF:6
FNH:6
FNDA:36,(anonymous_0)
FNDA:31,(anonymous_1)
FNDA:63,(anonymous_2)
FNDA:60,(anonymous_3)
FNDA:102,(anonymous_4)
FNDA:3,(anonymous_5)
DA:4,5
DA:5,36
DA:6,36
DA:10,5
DA:11,31
DA:13,31
DA:14,63
DA:15,11
DA:19,31
DA:23,5
DA:24,60
DA:25,46
DA:27,14
DA:31,5
DA:32,102
DA:36,5
DA:37,3
DA:46,5
LF:18
LH:18
BRDA:14,0,0,11
BRDA:14,0,1,52
BRDA:14,1,0,63
BRDA:14,1,1,52
BRDA:24,2,0,46
BRDA:24,2,1,14
BRF:6
BRH:6
end_of_record
