TN:
SF:src\app.ts
FN:8,(anonymous_1)
FN:13,(anonymous_2)
FN:24,(anonymous_3)
FN:29,(anonymous_4)
FN:30,(anonymous_5)
FN:38,(anonymous_6)
FNF:6
FNH:5
FNDA:1,(anonymous_1)
FNDA:0,(anonymous_2)
FNDA:2,(anonymous_3)
FNDA:3,(anonymous_4)
FNDA:6,(anonymous_5)
FNDA:3,(anonymous_6)
DA:1,2
DA:3,2
DA:5,2
DA:8,2
DA:9,1
DA:13,2
DA:14,0
DA:18,2
DA:24,2
DA:25,2
DA:29,2
DA:30,6
DA:31,3
DA:32,1
DA:34,2
DA:38,2
DA:39,3
DA:42,3
DA:43,1
DA:50,2
DA:51,2
DA:52,0
DA:58,2
DA:63,2
DA:64,2
DA:67,2
LF:26
LH:24
BRDA:31,0,0,1
BRDA:31,0,1,2
BRDA:42,1,0,1
BRDA:42,1,1,2
BRDA:42,2,0,3
BRDA:42,2,1,2
BRDA:51,3,0,0
BRDA:51,3,1,2
BRF:8
BRH:7
end_of_record
